c:\wq_documents\decode_zxing\demo2\x64\release\vc140.pdb
c:\wq_documents\decode_zxing\demo2\x64\release\globalhistogrambinarizer.obj
c:\wq_documents\decode_zxing\demo2\x64\release\whiterectangledetector.obj
c:\wq_documents\decode_zxing\demo2\x64\release\monochromerectangledetector.obj
c:\wq_documents\decode_zxing\demo2\x64\release\detectorresult.obj
c:\wq_documents\decode_zxing\demo2\x64\release\decoderresult.obj
c:\wq_documents\decode_zxing\demo2\x64\release\characterseteci.obj
c:\wq_documents\decode_zxing\demo2\x64\release\bitsource.obj
c:\wq_documents\decode_zxing\demo2\x64\release\bitmatrix.obj
c:\wq_documents\decode_zxing\demo2\x64\release\bitarrayio.obj
c:\wq_documents\decode_zxing\demo2\x64\release\bitarray.obj
c:\wq_documents\decode_zxing\demo2\x64\release\checksumexception.obj
c:\wq_documents\decode_zxing\demo2\x64\release\binarybitmap.obj
c:\wq_documents\decode_zxing\demo2\x64\release\binarizer.obj
c:\wq_documents\decode_zxing\demo2\x64\release\barcodeformat.obj
c:\wq_documents\decode_zxing\demo2\x64\release\zxing_decode.obj
c:\wq_documents\decode_zxing\demo2\x64\release\matsource.obj
c:\wq_documents\decode_zxing\demo2\x64\release\main.obj
c:\wq_documents\decode_zxing\demo2\x64\release\location.obj
c:\wq_documents\decode_zxing\demo2\x64\release\find_barcodes.obj
c:\wq_documents\decode_zxing\demo2\x64\release\decode_ean.obj
c:\wq_documents\decode_zxing\demo2\x64\release\genericmultiplebarcodereader.obj
c:\wq_documents\decode_zxing\demo2\x64\release\byquadrantreader.obj
c:\wq_documents\decode_zxing\demo2\x64\release\multiformatreader.obj
c:\wq_documents\decode_zxing\demo2\x64\release\luminancesource.obj
c:\wq_documents\decode_zxing\demo2\x64\release\invertedluminancesource.obj
c:\wq_documents\decode_zxing\demo2\x64\release\formatexception.obj
c:\wq_documents\decode_zxing\demo2\x64\release\exception.obj
c:\wq_documents\decode_zxing\demo2\x64\release\decodehints.obj
c:\wq_documents\decode_zxing\demo2\x64\release\stringutils.obj
c:\wq_documents\decode_zxing\demo2\x64\release\str.obj
c:\wq_documents\decode_zxing\demo2\x64\release\reedsolomonexception.obj
c:\wq_documents\decode_zxing\demo2\x64\release\reedsolomondecoder.obj
c:\wq_documents\decode_zxing\demo2\x64\release\genericgfpoly.obj
c:\wq_documents\decode_zxing\demo2\x64\release\genericgf.obj
c:\wq_documents\decode_zxing\demo2\x64\release\perspectivetransform.obj
c:\wq_documents\decode_zxing\demo2\x64\release\illegalargumentexception.obj
c:\wq_documents\decode_zxing\demo2\x64\release\hybridbinarizer.obj
c:\wq_documents\decode_zxing\demo2\x64\release\gridsampler.obj
c:\wq_documents\decode_zxing\demo2\x64\release\greyscalerotatedluminancesource.obj
c:\wq_documents\decode_zxing\demo2\x64\release\greyscaleluminancesource.obj
c:\wq_documents\decode_zxing\demo2\x64\release\resultpointcallback.obj
c:\wq_documents\decode_zxing\demo2\x64\release\resultpoint.obj
c:\wq_documents\decode_zxing\demo2\x64\release\resultio.obj
c:\wq_documents\decode_zxing\demo2\x64\release\result.obj
c:\wq_documents\decode_zxing\demo2\x64\release\reader.obj
c:\wq_documents\decode_zxing\demo2\x64\release\upcereader.obj
c:\wq_documents\decode_zxing\demo2\x64\release\upceanreader.obj
c:\wq_documents\decode_zxing\demo2\x64\release\upcareader.obj
c:\wq_documents\decode_zxing\demo2\x64\release\onedresultpoint.obj
c:\wq_documents\decode_zxing\demo2\x64\release\onedreader.obj
c:\wq_documents\decode_zxing\demo2\x64\release\multiformatupceanreader.obj
c:\wq_documents\decode_zxing\demo2\x64\release\multiformatonedreader.obj
c:\wq_documents\decode_zxing\demo2\x64\release\itfreader.obj
c:\wq_documents\decode_zxing\demo2\x64\release\ean8reader.obj
c:\wq_documents\decode_zxing\demo2\x64\release\ean13reader.obj
c:\wq_documents\decode_zxing\demo2\x64\release\code93reader.obj
c:\wq_documents\decode_zxing\demo2\x64\release\code39reader.obj
c:\wq_documents\decode_zxing\demo2\x64\release\code128reader.obj
c:\wq_documents\decode_zxing\demo2\x64\release\codabarreader.obj
c:\wq_documents\decode_zxing\demo2\x64\release\multiplebarcodereader.obj
c:\wq_documents\decode_zxing\x64\release\demo2.exe
c:\wq_documents\decode_zxing\x64\release\demo2.ipdb
c:\wq_documents\decode_zxing\x64\release\demo2.iobj
c:\wq_documents\decode_zxing\x64\release\demo2.pdb
d:\documents\e309laboratory\decode_zxing\demo2\x64\release\barcodeformat.obj
d:\documents\e309laboratory\decode_zxing\demo2\x64\release\binarizer.obj
d:\documents\e309laboratory\decode_zxing\demo2\x64\release\binarybitmap.obj
d:\documents\e309laboratory\decode_zxing\demo2\x64\release\bitarray.obj
d:\documents\e309laboratory\decode_zxing\demo2\x64\release\bitarrayio.obj
d:\documents\e309laboratory\decode_zxing\demo2\x64\release\bitmatrix.obj
d:\documents\e309laboratory\decode_zxing\demo2\x64\release\bitsource.obj
d:\documents\e309laboratory\decode_zxing\demo2\x64\release\byquadrantreader.obj
d:\documents\e309laboratory\decode_zxing\demo2\x64\release\characterseteci.obj
d:\documents\e309laboratory\decode_zxing\demo2\x64\release\checksumexception.obj
d:\documents\e309laboratory\decode_zxing\demo2\x64\release\codabarreader.obj
d:\documents\e309laboratory\decode_zxing\demo2\x64\release\code128reader.obj
d:\documents\e309laboratory\decode_zxing\demo2\x64\release\code39reader.obj
d:\documents\e309laboratory\decode_zxing\demo2\x64\release\code93reader.obj
d:\documents\e309laboratory\decode_zxing\demo2\x64\release\decodehints.obj
d:\documents\e309laboratory\decode_zxing\demo2\x64\release\decoderresult.obj
d:\documents\e309laboratory\decode_zxing\demo2\x64\release\decode_ean.obj
d:\documents\e309laboratory\decode_zxing\demo2\x64\release\detectorresult.obj
d:\documents\e309laboratory\decode_zxing\demo2\x64\release\ean13reader.obj
d:\documents\e309laboratory\decode_zxing\demo2\x64\release\ean8reader.obj
d:\documents\e309laboratory\decode_zxing\demo2\x64\release\exception.obj
d:\documents\e309laboratory\decode_zxing\demo2\x64\release\find_barcodes.obj
d:\documents\e309laboratory\decode_zxing\demo2\x64\release\formatexception.obj
d:\documents\e309laboratory\decode_zxing\demo2\x64\release\genericgf.obj
d:\documents\e309laboratory\decode_zxing\demo2\x64\release\genericgfpoly.obj
d:\documents\e309laboratory\decode_zxing\demo2\x64\release\genericmultiplebarcodereader.obj
d:\documents\e309laboratory\decode_zxing\demo2\x64\release\globalhistogrambinarizer.obj
d:\documents\e309laboratory\decode_zxing\demo2\x64\release\greyscaleluminancesource.obj
d:\documents\e309laboratory\decode_zxing\demo2\x64\release\greyscalerotatedluminancesource.obj
d:\documents\e309laboratory\decode_zxing\demo2\x64\release\gridsampler.obj
d:\documents\e309laboratory\decode_zxing\demo2\x64\release\hybridbinarizer.obj
d:\documents\e309laboratory\decode_zxing\demo2\x64\release\illegalargumentexception.obj
d:\documents\e309laboratory\decode_zxing\demo2\x64\release\invertedluminancesource.obj
d:\documents\e309laboratory\decode_zxing\demo2\x64\release\itfreader.obj
d:\documents\e309laboratory\decode_zxing\demo2\x64\release\location.obj
d:\documents\e309laboratory\decode_zxing\demo2\x64\release\luminancesource.obj
d:\documents\e309laboratory\decode_zxing\demo2\x64\release\main.obj
d:\documents\e309laboratory\decode_zxing\demo2\x64\release\matsource.obj
d:\documents\e309laboratory\decode_zxing\demo2\x64\release\monochromerectangledetector.obj
d:\documents\e309laboratory\decode_zxing\demo2\x64\release\multiformatonedreader.obj
d:\documents\e309laboratory\decode_zxing\demo2\x64\release\multiformatreader.obj
d:\documents\e309laboratory\decode_zxing\demo2\x64\release\multiformatupceanreader.obj
d:\documents\e309laboratory\decode_zxing\demo2\x64\release\multiplebarcodereader.obj
d:\documents\e309laboratory\decode_zxing\demo2\x64\release\onedreader.obj
d:\documents\e309laboratory\decode_zxing\demo2\x64\release\onedresultpoint.obj
d:\documents\e309laboratory\decode_zxing\demo2\x64\release\perspectivetransform.obj
d:\documents\e309laboratory\decode_zxing\demo2\x64\release\reader.obj
d:\documents\e309laboratory\decode_zxing\demo2\x64\release\reedsolomondecoder.obj
d:\documents\e309laboratory\decode_zxing\demo2\x64\release\reedsolomonexception.obj
d:\documents\e309laboratory\decode_zxing\demo2\x64\release\result.obj
d:\documents\e309laboratory\decode_zxing\demo2\x64\release\resultio.obj
d:\documents\e309laboratory\decode_zxing\demo2\x64\release\resultpoint.obj
d:\documents\e309laboratory\decode_zxing\demo2\x64\release\resultpointcallback.obj
d:\documents\e309laboratory\decode_zxing\demo2\x64\release\str.obj
d:\documents\e309laboratory\decode_zxing\demo2\x64\release\stringutils.obj
d:\documents\e309laboratory\decode_zxing\demo2\x64\release\upcareader.obj
d:\documents\e309laboratory\decode_zxing\demo2\x64\release\upceanreader.obj
d:\documents\e309laboratory\decode_zxing\demo2\x64\release\upcereader.obj
d:\documents\e309laboratory\decode_zxing\demo2\x64\release\whiterectangledetector.obj
d:\documents\e309laboratory\decode_zxing\demo2\x64\release\zxing_decode.obj
d:\documents\e309laboratory\decode_zxing\demo2\x64\release\vc140.pdb
d:\documents\e309laboratory\decode_zxing\x64\release\demo2.pdb
d:\documents\e309laboratory\decode_zxing\x64\release\demo2.exe
d:\documents\e309laboratory\decode_zxing\demo2\x64\release\demo2.tlog\cl.command.1.tlog
d:\documents\e309laboratory\decode_zxing\demo2\x64\release\demo2.tlog\cl.read.1.tlog
d:\documents\e309laboratory\decode_zxing\demo2\x64\release\demo2.tlog\cl.write.1.tlog
d:\documents\e309laboratory\decode_zxing\demo2\x64\release\demo2.tlog\link.command.1.tlog
d:\documents\e309laboratory\decode_zxing\demo2\x64\release\demo2.tlog\link.read.1.tlog
d:\documents\e309laboratory\decode_zxing\demo2\x64\release\demo2.tlog\link.write.1.tlog
