  decode_ean.cpp
D:\Documents\E309Laboratory\decode_zxing\demo2\opencv\build\include\opencv2/core/mat.hpp(1965): warning C4819: The file contains a character that cannot be represented in the current code page (936). Save the file in Unicode format to prevent data loss
D:\Documents\E309Laboratory\decode_zxing\demo2\opencv\build\include\opencv2/core/persistence.hpp : warning C4819: The file contains a character that cannot be represented in the current code page (936). Save the file in Unicode format to prevent data loss
D:\Documents\E309Laboratory\decode_zxing\demo2\opencv\build\include\opencv2/core/utility.hpp : warning C4819: The file contains a character that cannot be represented in the current code page (936). Save the file in Unicode format to prevent data loss
D:\Documents\E309Laboratory\decode_zxing\demo2\opencv\build\include\opencv2/core/utility.hpp : warning C4819: The file contains a character that cannot be represented in the current code page (936). Save the file in Unicode format to prevent data loss
decode_ean.cpp(86): warning C4267: 'initializing': conversion from 'size_t' to 'int', possible loss of data
decode_ean.cpp(91): warning C4244: '=': conversion from 'double' to 'int', possible loss of data
  find_barcodes.cpp
D:\Documents\E309Laboratory\decode_zxing\demo2\opencv\build\include\opencv2/core/mat.hpp(1965): warning C4819: The file contains a character that cannot be represented in the current code page (936). Save the file in Unicode format to prevent data loss
D:\Documents\E309Laboratory\decode_zxing\demo2\opencv\build\include\opencv2/core/persistence.hpp : warning C4819: The file contains a character that cannot be represented in the current code page (936). Save the file in Unicode format to prevent data loss
D:\Documents\E309Laboratory\decode_zxing\demo2\opencv\build\include\opencv2/core/utility.hpp : warning C4819: The file contains a character that cannot be represented in the current code page (936). Save the file in Unicode format to prevent data loss
D:\Documents\E309Laboratory\decode_zxing\demo2\opencv\build\include\opencv2/core/utility.hpp : warning C4819: The file contains a character that cannot be represented in the current code page (936). Save the file in Unicode format to prevent data loss
find_barcodes.cpp(28): warning C4267: '=': conversion from 'size_t' to 'int', possible loss of data
find_barcodes.cpp(243): warning C4244: 'argument': conversion from 'double' to 'float', possible loss of data
  location.cpp
D:\Documents\E309Laboratory\decode_zxing\demo2\opencv\build\include\opencv2/core/mat.hpp(1965): warning C4819: The file contains a character that cannot be represented in the current code page (936). Save the file in Unicode format to prevent data loss
D:\Documents\E309Laboratory\decode_zxing\demo2\opencv\build\include\opencv2/core/persistence.hpp : warning C4819: The file contains a character that cannot be represented in the current code page (936). Save the file in Unicode format to prevent data loss
D:\Documents\E309Laboratory\decode_zxing\demo2\opencv\build\include\opencv2/core/utility.hpp : warning C4819: The file contains a character that cannot be represented in the current code page (936). Save the file in Unicode format to prevent data loss
D:\Documents\E309Laboratory\decode_zxing\demo2\opencv\build\include\opencv2/core/utility.hpp : warning C4819: The file contains a character that cannot be represented in the current code page (936). Save the file in Unicode format to prevent data loss
location.cpp(84): warning C4244: 'initializing': conversion from '__int64' to 'int', possible loss of data
location.cpp(138): warning C4267: 'initializing': conversion from 'size_t' to 'int', possible loss of data
location.cpp(138): warning C4267: 'initializing': conversion from 'size_t' to 'const int', possible loss of data
location.cpp(170): warning C4244: '=': conversion from 'double' to 'float', possible loss of data
  main.cpp
D:\Documents\E309Laboratory\decode_zxing\demo2\opencv\build\include\opencv2/core/mat.hpp(1965): warning C4819: The file contains a character that cannot be represented in the current code page (936). Save the file in Unicode format to prevent data loss
D:\Documents\E309Laboratory\decode_zxing\demo2\opencv\build\include\opencv2/core/persistence.hpp : warning C4819: The file contains a character that cannot be represented in the current code page (936). Save the file in Unicode format to prevent data loss
D:\Documents\E309Laboratory\decode_zxing\demo2\opencv\build\include\opencv2/core/utility.hpp : warning C4819: The file contains a character that cannot be represented in the current code page (936). Save the file in Unicode format to prevent data loss
D:\Documents\E309Laboratory\decode_zxing\demo2\opencv\build\include\opencv2/core/utility.hpp : warning C4819: The file contains a character that cannot be represented in the current code page (936). Save the file in Unicode format to prevent data loss
main.cpp(62): warning C4244: '=': conversion from 'double' to 'float', possible loss of data
main.cpp(107): warning C4267: 'initializing': conversion from 'size_t' to 'int', possible loss of data
main.cpp(116): warning C4244: 'argument': conversion from 'int' to 'float', possible loss of data
  MatSource.cpp
D:\Documents\E309Laboratory\decode_zxing\demo2\opencv\build\include\opencv2/core/mat.hpp(1965): warning C4819: The file contains a character that cannot be represented in the current code page (936). Save the file in Unicode format to prevent data loss
D:\Documents\E309Laboratory\decode_zxing\demo2\opencv\build\include\opencv2/core/persistence.hpp : warning C4819: The file contains a character that cannot be represented in the current code page (936). Save the file in Unicode format to prevent data loss
D:\Documents\E309Laboratory\decode_zxing\demo2\opencv\build\include\opencv2/core/utility.hpp : warning C4819: The file contains a character that cannot be represented in the current code page (936). Save the file in Unicode format to prevent data loss
D:\Documents\E309Laboratory\decode_zxing\demo2\opencv\build\include\opencv2/core/utility.hpp : warning C4819: The file contains a character that cannot be represented in the current code page (936). Save the file in Unicode format to prevent data loss
  zxing_decode.cpp
D:\Documents\E309Laboratory\decode_zxing\demo2\opencv\build\include\opencv2/core/mat.hpp(1965): warning C4819: The file contains a character that cannot be represented in the current code page (936). Save the file in Unicode format to prevent data loss
D:\Documents\E309Laboratory\decode_zxing\demo2\opencv\build\include\opencv2/core/persistence.hpp : warning C4819: The file contains a character that cannot be represented in the current code page (936). Save the file in Unicode format to prevent data loss
D:\Documents\E309Laboratory\decode_zxing\demo2\opencv\build\include\opencv2/core/utility.hpp : warning C4819: The file contains a character that cannot be represented in the current code page (936). Save the file in Unicode format to prevent data loss
D:\Documents\E309Laboratory\decode_zxing\demo2\opencv\build\include\opencv2/core/utility.hpp : warning C4819: The file contains a character that cannot be represented in the current code page (936). Save the file in Unicode format to prevent data loss
  BarcodeFormat.cpp
  Binarizer.cpp
  BinaryBitmap.cpp
  ChecksumException.cpp
  BitArray.cpp
D:\Documents\E309Laboratory\decode_zxing\demo2\zxing/common/Array.h(73): warning C4267: 'return': conversion from 'size_t' to 'int', possible loss of data
  D:\Documents\E309Laboratory\decode_zxing\demo2\zxing/common/Array.h(72): note: while compiling class template member function 'int zxing::Array<T>::size(void) const'
          with
          [
              T=int
          ]
  zxing\common\BitArray.cpp(45): note: see reference to function template instantiation 'int zxing::Array<T>::size(void) const' being compiled
          with
          [
              T=int
          ]
  zxing\common\BitArray.cpp(45): note: see reference to class template instantiation 'zxing::Array<T>' being compiled
          with
          [
              T=int
          ]
  BitArrayIO.cpp
  BitMatrix.cpp
D:\Documents\E309Laboratory\decode_zxing\demo2\zxing/common/Array.h(73): warning C4267: 'return': conversion from 'size_t' to 'int', possible loss of data
  D:\Documents\E309Laboratory\decode_zxing\demo2\zxing/common/Array.h(72): note: while compiling class template member function 'int zxing::Array<T>::size(void) const'
          with
          [
              T=int
          ]
  zxing\common\BitMatrix.cpp(99): note: see reference to function template instantiation 'int zxing::Array<T>::size(void) const' being compiled
          with
          [
              T=int
          ]
  zxing\common\BitMatrix.cpp(99): note: see reference to class template instantiation 'zxing::Array<T>' being compiled
          with
          [
              T=int
          ]
  BitSource.cpp
D:\Documents\E309Laboratory\decode_zxing\demo2\zxing/common/Array.h(73): warning C4267: 'return': conversion from 'size_t' to 'int', possible loss of data
  D:\Documents\E309Laboratory\decode_zxing\demo2\zxing/common/Array.h(72): note: while compiling class template member function 'int zxing::Array<T>::size(void) const'
          with
          [
              T=zxing::BitSource::byte
          ]
  zxing\common\BitSource.cpp(74): note: see reference to function template instantiation 'int zxing::Array<T>::size(void) const' being compiled
          with
          [
              T=zxing::BitSource::byte
          ]
  zxing\common\BitSource.cpp(74): note: see reference to class template instantiation 'zxing::Array<T>' being compiled
          with
          [
              T=zxing::BitSource::byte
          ]
  CharacterSetECI.cpp
  DecoderResult.cpp
  DetectorResult.cpp
  MonochromeRectangleDetector.cpp
  WhiteRectangleDetector.cpp
  GlobalHistogramBinarizer.cpp
D:\Documents\E309Laboratory\decode_zxing\demo2\zxing/common/Array.h(73): warning C4267: 'return': conversion from 'size_t' to 'int', possible loss of data
  D:\Documents\E309Laboratory\decode_zxing\demo2\zxing/common/Array.h(72): note: while compiling class template member function 'int zxing::Array<T>::size(void) const'
          with
          [
              T=char
          ]
  zxing\common\GlobalHistogramBinarizer.cpp(48): note: see reference to function template instantiation 'int zxing::Array<T>::size(void) const' being compiled
          with
          [
              T=char
          ]
  zxing\common\GlobalHistogramBinarizer.cpp(48): note: see reference to class template instantiation 'zxing::Array<T>' being compiled
          with
          [
              T=char
          ]
  Compiling...
  GreyscaleLuminanceSource.cpp
D:\Documents\E309Laboratory\decode_zxing\demo2\zxing/common/Array.h(73): warning C4267: 'return': conversion from 'size_t' to 'int', possible loss of data
  D:\Documents\E309Laboratory\decode_zxing\demo2\zxing/common/Array.h(72): note: while compiling class template member function 'int zxing::Array<T>::size(void) const'
          with
          [
              T=char
          ]
  zxing\common\GreyscaleLuminanceSource.cpp(50): note: see reference to function template instantiation 'int zxing::Array<T>::size(void) const' being compiled
          with
          [
              T=char
          ]
  zxing\common\GreyscaleLuminanceSource.cpp(50): note: see reference to class template instantiation 'zxing::Array<T>' being compiled
          with
          [
              T=char
          ]
  GreyscaleRotatedLuminanceSource.cpp
D:\Documents\E309Laboratory\decode_zxing\demo2\zxing/common/Array.h(73): warning C4267: 'return': conversion from 'size_t' to 'int', possible loss of data
  D:\Documents\E309Laboratory\decode_zxing\demo2\zxing/common/Array.h(72): note: while compiling class template member function 'int zxing::Array<T>::size(void) const'
          with
          [
              T=char
          ]
  zxing\common\GreyscaleRotatedLuminanceSource.cpp(52): note: see reference to function template instantiation 'int zxing::Array<T>::size(void) const' being compiled
          with
          [
              T=char
          ]
  zxing\common\GreyscaleRotatedLuminanceSource.cpp(52): note: see reference to class template instantiation 'zxing::Array<T>' being compiled
          with
          [
              T=char
          ]
  GridSampler.cpp
zxing\common\GridSampler.cpp(39): warning C4267: 'initializing': conversion from 'size_t' to 'int', possible loss of data
zxing\common\GridSampler.cpp(60): warning C4267: 'initializing': conversion from 'size_t' to 'int', possible loss of data
  HybridBinarizer.cpp
  IllegalArgumentException.cpp
  PerspectiveTransform.cpp
zxing\common\PerspectiveTransform.cpp(90): warning C4267: 'initializing': conversion from 'size_t' to 'int', possible loss of data
  GenericGF.cpp
  GenericGFPoly.cpp
D:\Documents\E309Laboratory\decode_zxing\demo2\zxing/common/Array.h(73): warning C4267: 'return': conversion from 'size_t' to 'int', possible loss of data
  D:\Documents\E309Laboratory\decode_zxing\demo2\zxing/common/Array.h(72): note: while compiling class template member function 'int zxing::Array<T>::size(void) const'
          with
          [
              T=int
          ]
  zxing\common\reedsolomon\GenericGFPoly.cpp(37): note: see reference to function template instantiation 'int zxing::Array<T>::size(void) const' being compiled
          with
          [
              T=int
          ]
  zxing\common\reedsolomon\GenericGFPoly.cpp(37): note: see reference to class template instantiation 'zxing::Array<T>' being compiled
          with
          [
              T=int
          ]
  ReedSolomonDecoder.cpp
D:\Documents\E309Laboratory\decode_zxing\demo2\zxing/common/Array.h(73): warning C4267: 'return': conversion from 'size_t' to 'int', possible loss of data
  D:\Documents\E309Laboratory\decode_zxing\demo2\zxing/common/Array.h(72): note: while compiling class template member function 'int zxing::Array<T>::size(void) const'
          with
          [
              T=int
          ]
  zxing\common\reedsolomon\ReedSolomonDecoder.cpp(48): note: see reference to function template instantiation 'int zxing::Array<T>::size(void) const' being compiled
          with
          [
              T=int
          ]
  zxing\common\reedsolomon\ReedSolomonDecoder.cpp(48): note: see reference to class template instantiation 'zxing::Array<T>' being compiled
          with
          [
              T=int
          ]
  ReedSolomonException.cpp
  Str.cpp
zxing\common\Str.cpp(42): warning C4267: 'return': conversion from 'size_t' to 'int', possible loss of data
zxing\common\Str.cpp(44): warning C4267: 'return': conversion from 'size_t' to 'int', possible loss of data
  StringUtils.cpp
  DecodeHints.cpp
  Exception.cpp
zxing\Exception.cpp(36): warning C4267: 'initializing': conversion from 'size_t' to 'int', possible loss of data
  FormatException.cpp
  InvertedLuminanceSource.cpp
  LuminanceSource.cpp
  MultiFormatReader.cpp
  ByQuadrantReader.cpp
  GenericMultipleBarcodeReader.cpp
D:\Documents\E309Laboratory\decode_zxing\demo2\zxing/common/Array.h(73): warning C4267: 'return': conversion from 'size_t' to 'int', possible loss of data
  D:\Documents\E309Laboratory\decode_zxing\demo2\zxing/common/Array.h(72): note: while compiling class template member function 'int zxing::Array<T>::size(void) const'
          with
          [
              T=zxing::Ref<zxing::ResultPoint>
          ]
  zxing\multi\GenericMultipleBarcodeReader.cpp(86): note: see reference to function template instantiation 'int zxing::Array<T>::size(void) const' being compiled
          with
          [
              T=zxing::Ref<zxing::ResultPoint>
          ]
  zxing\multi\GenericMultipleBarcodeReader.cpp(76): note: see reference to class template instantiation 'zxing::Array<T>' being compiled
          with
          [
              T=zxing::Ref<zxing::ResultPoint>
          ]
  Compiling...
  MultipleBarcodeReader.cpp
  CodaBarReader.cpp
zxing\oned\CodaBarReader.cpp(80): warning C4267: 'initializing': conversion from 'size_t' to 'int', possible loss of data
zxing\oned\CodaBarReader.cpp(171): warning C4267: 'initializing': conversion from 'size_t' to 'int', possible loss of data
  Code128Reader.cpp
zxing\oned\Code128Reader.cpp(188): warning C4267: 'initializing': conversion from 'size_t' to 'int', possible loss of data
zxing\oned\Code128Reader.cpp(314): warning C4267: 'initializing': conversion from 'size_t' to 'int', possible loss of data
zxing\oned\Code128Reader.cpp(502): warning C4267: 'initializing': conversion from 'size_t' to 'int', possible loss of data
zxing\oned\Code128Reader.cpp(521): warning C4267: 'initializing': conversion from 'size_t' to 'int', possible loss of data
  Code39Reader.cpp
zxing\oned\Code39Reader.cpp(101): warning C4267: 'initializing': conversion from 'size_t' to 'int', possible loss of data
zxing\oned\Code39Reader.cpp(123): warning C4267: 'initializing': conversion from 'size_t' to 'int', possible loss of data
zxing\oned\Code39Reader.cpp(133): warning C4267: 'initializing': conversion from 'size_t' to 'int', possible loss of data
zxing\oned\Code39Reader.cpp(144): warning C4267: 'initializing': conversion from 'size_t' to 'int', possible loss of data
zxing\oned\Code39Reader.cpp(147): warning C4267: '+=': conversion from 'size_t' to 'int', possible loss of data
zxing\oned\Code39Reader.cpp(188): warning C4267: 'initializing': conversion from 'size_t' to 'int', possible loss of data
zxing\oned\Code39Reader.cpp(224): warning C4267: 'initializing': conversion from 'size_t' to 'int', possible loss of data
zxing\oned\Code39Reader.cpp(278): warning C4267: 'initializing': conversion from 'size_t' to 'int', possible loss of data
  Code93Reader.cpp
zxing\oned\Code93Reader.cpp(75): warning C4267: 'initializing': conversion from 'size_t' to 'int', possible loss of data
zxing\oned\Code93Reader.cpp(92): warning C4267: 'initializing': conversion from 'size_t' to 'int', possible loss of data
zxing\oned\Code93Reader.cpp(102): warning C4267: 'initializing': conversion from 'size_t' to 'int', possible loss of data
zxing\oned\Code93Reader.cpp(143): warning C4267: 'initializing': conversion from 'size_t' to 'int', possible loss of data
zxing\oned\Code93Reader.cpp(150): warning C4267: 'initializing': conversion from 'size_t' to 'int', possible loss of data
zxing\oned\Code93Reader.cpp(179): warning C4267: 'initializing': conversion from 'size_t' to 'int', possible loss of data
zxing\oned\Code93Reader.cpp(181): warning C4267: 'initializing': conversion from 'size_t' to 'int', possible loss of data
zxing\oned\Code93Reader.cpp(211): warning C4267: 'initializing': conversion from 'size_t' to 'int', possible loss of data
zxing\oned\Code93Reader.cpp(280): warning C4267: 'initializing': conversion from 'size_t' to 'int', possible loss of data
zxing\oned\Code93Reader.cpp(291): warning C4267: '+=': conversion from 'size_t' to 'int', possible loss of data
  EAN13Reader.cpp
zxing\oned\EAN13Reader.cpp(31): warning C4267: 'initializing': conversion from 'size_t' to 'int', possible loss of data
zxing\oned\EAN13Reader.cpp(48): warning C4267: 'initializing': conversion from 'size_t' to 'int', possible loss of data
  EAN8Reader.cpp
zxing\oned\EAN8Reader.cpp(45): warning C4267: 'initializing': conversion from 'size_t' to 'int', possible loss of data
zxing\oned\EAN8Reader.cpp(56): warning C4267: 'initializing': conversion from 'size_t' to 'int', possible loss of data
  ITFReader.cpp
zxing\oned\ITFReader.cpp(161): warning C4267: 'initializing': conversion from 'size_t' to 'int', possible loss of data
zxing\oned\ITFReader.cpp(280): warning C4267: 'initializing': conversion from 'size_t' to 'int', possible loss of data
D:\Documents\E309Laboratory\decode_zxing\demo2\zxing/common/Array.h(73): warning C4267: 'return': conversion from 'size_t' to 'int', possible loss of data
  D:\Documents\E309Laboratory\decode_zxing\demo2\zxing/common/Array.h(72): note: while compiling class template member function 'int zxing::Array<T>::size(void) const'
          with
          [
              T=int
          ]
  zxing\oned\ITFReader.cpp(107): note: see reference to function template instantiation 'int zxing::Array<T>::size(void) const' being compiled
          with
          [
              T=int
          ]
  zxing\oned\ITFReader.cpp(51): note: see reference to class template instantiation 'zxing::Array<T>' being compiled
          with
          [
              T=int
          ]
  MultiFormatOneDReader.cpp
zxing\oned\MultiFormatOneDReader.cpp(84): warning C4267: 'initializing': conversion from 'size_t' to 'int', possible loss of data
  MultiFormatUPCEANReader.cpp
zxing\oned\MultiFormatUPCEANReader.cpp(67): warning C4267: 'initializing': conversion from 'size_t' to 'int', possible loss of data
  OneDReader.cpp
zxing\oned\OneDReader.cpp(163): warning C4267: 'initializing': conversion from 'size_t' to 'int', possible loss of data
zxing\oned\OneDReader.cpp(195): warning C4267: 'initializing': conversion from 'size_t' to 'int', possible loss of data
D:\Documents\E309Laboratory\decode_zxing\demo2\zxing/common/Array.h(73): warning C4267: 'return': conversion from 'size_t' to 'int', possible loss of data
  D:\Documents\E309Laboratory\decode_zxing\demo2\zxing/common/Array.h(72): note: while compiling class template member function 'int zxing::Array<T>::size(void) const'
          with
          [
              T=zxing::Ref<zxing::ResultPoint>
          ]
  zxing\oned\OneDReader.cpp(56): note: see reference to function template instantiation 'int zxing::Array<T>::size(void) const' being compiled
          with
          [
              T=zxing::Ref<zxing::ResultPoint>
          ]
  zxing\oned\OneDReader.cpp(54): note: see reference to class template instantiation 'zxing::Array<T>' being compiled
          with
          [
              T=zxing::Ref<zxing::ResultPoint>
          ]
  OneDResultPoint.cpp
  UPCAReader.cpp
  UPCEANReader.cpp
zxing\oned\UPCEANReader.cpp(209): warning C4267: 'initializing': conversion from 'size_t' to 'int', possible loss of data
zxing\oned\UPCEANReader.cpp(252): warning C4267: 'initializing': conversion from 'size_t' to 'int', possible loss of data
zxing\oned\UPCEANReader.cpp(284): warning C4267: 'initializing': conversion from 'size_t' to 'int', possible loss of data
zxing\oned\UPCEANReader.cpp(293): warning C4267: 'initializing': conversion from 'size_t' to 'int', possible loss of data
  UPCEReader.cpp
zxing\oned\UPCEReader.cpp(68): warning C4267: 'initializing': conversion from 'size_t' to 'int', possible loss of data
  Reader.cpp
  Result.cpp
  ResultIO.cpp
D:\Documents\E309Laboratory\decode_zxing\demo2\zxing/common/Array.h(73): warning C4267: 'return': conversion from 'size_t' to 'int', possible loss of data
  D:\Documents\E309Laboratory\decode_zxing\demo2\zxing/common/Array.h(72): note: while compiling class template member function 'int zxing::Array<T>::size(void) const'
          with
          [
              T=char
          ]
  zxing\ResultIO.cpp(31): note: see reference to function template instantiation 'int zxing::Array<T>::size(void) const' being compiled
          with
          [
              T=char
          ]
  zxing\ResultIO.cpp(31): note: see reference to class template instantiation 'zxing::Array<T>' being compiled
          with
          [
              T=char
          ]
  ResultPoint.cpp
  ResultPointCallback.cpp
  Generating code
  3561 of 3563 functions (99.9%) were compiled, the rest were copied from previous compilation.
    57 functions were new in current compilation
    0 functions had inline decision re-evaluated but remain unchanged
  Finished generating code
  demo2.vcxproj -> D:\Documents\E309Laboratory\decode_zxing\x64\Release\demo2.exe
  demo2.vcxproj -> D:\Documents\E309Laboratory\decode_zxing\x64\Release\demo2.pdb (Full PDB)
